<?xml version="1.0" encoding="UTF-8"?>
<testng-results skipped="0" failed="0" ignored="0" total="4" passed="4">
  <reporter-output>
  </reporter-output>
  <suite name="Default suite" duration-ms="51364" started-at="2021-03-15T11:56:54 IST" finished-at="2021-03-15T11:57:45 IST">
    <groups>
    </groups>
    <test name="Default test" duration-ms="51364" started-at="2021-03-15T11:56:54 IST" finished-at="2021-03-15T11:57:45 IST">
      <class name="com.bank.guru99.LoginPageTest">
        <test-method status="PASS" signature="setup()[pri:0, instance:com.bank.guru99.LoginPageTest@b9afc07]" name="setup" is-config="true" duration-ms="27169" started-at="2021-03-15T11:56:54 IST" finished-at="2021-03-15T11:57:21 IST">
          <reporter-output>
          </reporter-output>
        </test-method> <!-- setup -->
        <test-method status="PASS" signature="login(java.lang.String,java.lang.String)[pri:0, instance:com.bank.guru99.LoginPageTest@b9afc07]" name="login" duration-ms="9632" started-at="2021-03-15T11:57:23 IST" data-provider="getData" finished-at="2021-03-15T11:57:32 IST">
          <params>
            <param index="0">
              <value>
                <![CDATA[mngr313721]]>
              </value>
            </param>
            <param index="1">
              <value>
                <![CDATA[YrAtEgY]]>
              </value>
            </param>
          </params>
          <reporter-output>
          </reporter-output>
        </test-method> <!-- login -->
        <test-method status="PASS" signature="login(java.lang.String,java.lang.String)[pri:0, instance:com.bank.guru99.LoginPageTest@b9afc07]" name="login" duration-ms="3696" started-at="2021-03-15T11:57:32 IST" data-provider="getData" finished-at="2021-03-15T11:57:36 IST">
          <params>
            <param index="0">
              <value>
                <![CDATA[invalid]]>
              </value>
            </param>
            <param index="1">
              <value>
                <![CDATA[valid]]>
              </value>
            </param>
          </params>
          <reporter-output>
          </reporter-output>
        </test-method> <!-- login -->
        <test-method status="PASS" signature="login(java.lang.String,java.lang.String)[pri:0, instance:com.bank.guru99.LoginPageTest@b9afc07]" name="login" duration-ms="3347" started-at="2021-03-15T11:57:36 IST" data-provider="getData" finished-at="2021-03-15T11:57:39 IST">
          <params>
            <param index="0">
              <value>
                <![CDATA[valid]]>
              </value>
            </param>
            <param index="1">
              <value>
                <![CDATA[invalid]]>
              </value>
            </param>
          </params>
          <reporter-output>
          </reporter-output>
        </test-method> <!-- login -->
        <test-method status="PASS" signature="login(java.lang.String,java.lang.String)[pri:0, instance:com.bank.guru99.LoginPageTest@b9afc07]" name="login" duration-ms="3501" started-at="2021-03-15T11:57:39 IST" data-provider="getData" finished-at="2021-03-15T11:57:43 IST">
          <params>
            <param index="0">
              <value>
                <![CDATA[invalid]]>
              </value>
            </param>
            <param index="1">
              <value>
                <![CDATA[invalid]]>
              </value>
            </param>
          </params>
          <reporter-output>
          </reporter-output>
        </test-method> <!-- login -->
        <test-method status="PASS" signature="tearDown()[pri:0, instance:com.bank.guru99.LoginPageTest@b9afc07]" name="tearDown" is-config="true" duration-ms="2175" started-at="2021-03-15T11:57:43 IST" finished-at="2021-03-15T11:57:45 IST">
          <reporter-output>
          </reporter-output>
        </test-method> <!-- tearDown -->
      </class> <!-- com.bank.guru99.LoginPageTest -->
    </test> <!-- Default test -->
  </suite> <!-- Default suite -->
</testng-results>
